0 verbose cli C:\Program Files\nodejs\node.exe C:\Users\nupa_\AppData\Roaming\npm\node_modules\npm\bin\npm-cli.js
1 info using npm@9.5.0
2 info using node@v19.0.0
3 timing npm:load:whichnode Completed in 1ms
4 timing config:load:defaults Completed in 2ms
5 timing config:load:file:C:\Users\nupa_\AppData\Roaming\npm\node_modules\npm\npmrc Completed in 1ms
6 timing config:load:builtin Completed in 2ms
7 timing config:load:cli Completed in 1ms
8 timing config:load:env Completed in 1ms
9 timing config:load:file:c:\Project_Sketch\sketch-archea-client\.npmrc Completed in 0ms
10 timing config:load:project Completed in 1ms
11 timing config:load:file:C:\Users\nupa_\.npmrc Completed in 0ms
12 timing config:load:user Completed in 0ms
13 timing config:load:file:C:\Users\nupa_\AppData\Roaming\npm\etc\npmrc Completed in 1ms
14 timing config:load:global Completed in 1ms
15 timing config:load:setEnvs Completed in 1ms
16 timing config:load Completed in 10ms
17 timing npm:load:configload Completed in 10ms
18 timing npm:load:mkdirpcache Completed in 0ms
19 timing npm:load:mkdirplogs Completed in 0ms
20 verbose title npm view async description dist-tags.latest homepage version
21 verbose argv "view" "--json" "async" "description" "dist-tags.latest" "homepage" "version"
22 timing npm:load:setTitle Completed in 2ms
23 timing config:load:flatten Completed in 2ms
24 timing npm:load:display Completed in 3ms
25 verbose logfile logs-max:10 dir:C:\Project_Sketch\sketch-archea-client\tmpnodejsnpm-cache\_logs\2023-05-10T01_46_02_724Z-
26 verbose logfile C:\Project_Sketch\sketch-archea-client\tmpnodejsnpm-cache\_logs\2023-05-10T01_46_02_724Z-debug-0.log
27 timing npm:load:logFile Completed in 7ms
28 timing npm:load:timers Completed in 0ms
29 timing npm:load:configScope Completed in 0ms
30 timing npm:load Completed in 23ms
31 silly logfile start cleaning logs, removing 2 files
32 silly logfile done cleaning log files
33 http fetch GET 200 https://registry.npmjs.org/async 175ms (cache miss)
34 timing command:view Completed in 190ms
35 verbose exit 0
36 timing npm Completed in 226ms
37 info ok
